app/build/intermediates/manifest_merge_blame_file/debug/manifest-merger-blame-debug-report.txt
1<?xml version="1.0" encoding="utf-8"?>
2<manifest xmlns:android="http://schemas.android.com/apk/res/android"
3    package="com.ujjwalkumar.qkart"
4    android:versionCode="1"
5    android:versionName="1.0" >
6
7    <uses-sdk
8        android:minSdkVersion="21"
8-->src\main\AndroidManifest.xml
9        android:targetSdkVersion="30" />
9-->src\main\AndroidManifest.xml
10
11    <uses-permission android:name="android.permission.CALL_PHONE" />
11-->src\main\AndroidManifest.xml:4:5-69
11-->src\main\AndroidManifest.xml:4:22-66
12    <uses-permission android:name="android.permission.INTERNET" />
12-->src\main\AndroidManifest.xml:5:5-67
12-->src\main\AndroidManifest.xml:5:22-64
13    <uses-permission android:name="android.permission.ACCESS_NETWORK_STATE" />
13-->src\main\AndroidManifest.xml:6:5-79
13-->src\main\AndroidManifest.xml:6:22-76
14    <uses-permission android:name="android.permission.ACCESS_FINE_LOCATION" />
14-->src\main\AndroidManifest.xml:7:5-79
14-->src\main\AndroidManifest.xml:7:22-76
15
16    <uses-feature
16-->[com.google.android.gms:play-services-maps:17.0.0] AndroidManifest.xml:26:5-28:35
17        android:glEsVersion="0x00020000"
17-->[com.google.android.gms:play-services-maps:17.0.0] AndroidManifest.xml:27:9-41
18        android:required="true" />
18-->[com.google.android.gms:play-services-maps:17.0.0] AndroidManifest.xml:28:9-32
19
20    <application
20-->src\main\AndroidManifest.xml:9:5-97:19
21        android:allowBackup="true"
21-->src\main\AndroidManifest.xml:10:9-35
22        android:appComponentFactory="androidx.core.app.CoreComponentFactory"
22-->[androidx.core:core:1.3.0] AndroidManifest.xml:24:18-86
23        android:debuggable="true"
24        android:icon="@drawable/app_icon"
24-->src\main\AndroidManifest.xml:11:9-42
25        android:label="Q-Kart"
25-->src\main\AndroidManifest.xml:12:9-31
26        android:largeHeap="true"
26-->src\main\AndroidManifest.xml:13:9-33
27        android:theme="@style/AppTheme" >
27-->src\main\AndroidManifest.xml:14:9-40
28        <activity
28-->src\main\AndroidManifest.xml:15:9-23:20
29            android:name="com.ujjwalkumar.qkart.MainActivity"
29-->src\main\AndroidManifest.xml:16:13-41
30            android:configChanges="orientation|screenSize"
30-->src\main\AndroidManifest.xml:17:13-59
31            android:screenOrientation="portrait" >
31-->src\main\AndroidManifest.xml:18:13-49
32            <intent-filter>
32-->src\main\AndroidManifest.xml:19:13-22:29
33                <action android:name="android.intent.action.MAIN" />
33-->src\main\AndroidManifest.xml:20:17-69
33-->src\main\AndroidManifest.xml:20:25-66
34
35                <category android:name="android.intent.category.LAUNCHER" />
35-->src\main\AndroidManifest.xml:21:17-77
35-->src\main\AndroidManifest.xml:21:27-74
36            </intent-filter>
37        </activity>
38        <activity
38-->src\main\AndroidManifest.xml:24:9-27:52
39            android:name="com.ujjwalkumar.qkart.AuthenticateActivity"
39-->src\main\AndroidManifest.xml:25:13-49
40            android:configChanges="orientation|screenSize"
40-->src\main\AndroidManifest.xml:26:13-59
41            android:screenOrientation="portrait" />
41-->src\main\AndroidManifest.xml:27:13-49
42        <activity
42-->src\main\AndroidManifest.xml:28:9-31:52
43            android:name="com.ujjwalkumar.qkart.EditdetailsActivity"
43-->src\main\AndroidManifest.xml:29:13-48
44            android:configChanges="orientation|screenSize"
44-->src\main\AndroidManifest.xml:30:13-59
45            android:screenOrientation="portrait" />
45-->src\main\AndroidManifest.xml:31:13-49
46        <activity
46-->src\main\AndroidManifest.xml:32:9-35:52
47            android:name="com.ujjwalkumar.qkart.HomeActivity"
47-->src\main\AndroidManifest.xml:33:13-41
48            android:configChanges="orientation|screenSize"
48-->src\main\AndroidManifest.xml:34:13-59
49            android:screenOrientation="portrait" />
49-->src\main\AndroidManifest.xml:35:13-49
50        <activity
50-->src\main\AndroidManifest.xml:36:9-39:52
51            android:name="com.ujjwalkumar.qkart.AccountActivity"
51-->src\main\AndroidManifest.xml:37:13-44
52            android:configChanges="orientation|screenSize"
52-->src\main\AndroidManifest.xml:38:13-59
53            android:screenOrientation="portrait" />
53-->src\main\AndroidManifest.xml:39:13-49
54        <activity
54-->src\main\AndroidManifest.xml:40:9-43:52
55            android:name="com.ujjwalkumar.qkart.AboutActivity"
55-->src\main\AndroidManifest.xml:41:13-42
56            android:configChanges="orientation|screenSize"
56-->src\main\AndroidManifest.xml:42:13-59
57            android:screenOrientation="portrait" />
57-->src\main\AndroidManifest.xml:43:13-49
58        <activity
58-->src\main\AndroidManifest.xml:44:9-47:52
59            android:name="com.ujjwalkumar.qkart.OrderdetailsActivity"
59-->src\main\AndroidManifest.xml:45:13-49
60            android:configChanges="orientation|screenSize"
60-->src\main\AndroidManifest.xml:46:13-59
61            android:screenOrientation="portrait" />
61-->src\main\AndroidManifest.xml:47:13-49
62        <activity
62-->src\main\AndroidManifest.xml:48:9-51:52
63            android:name="com.ujjwalkumar.qkart.ManageitemsActivity"
63-->src\main\AndroidManifest.xml:49:13-48
64            android:configChanges="orientation|screenSize"
64-->src\main\AndroidManifest.xml:50:13-59
65            android:screenOrientation="portrait" />
65-->src\main\AndroidManifest.xml:51:13-49
66        <activity
66-->src\main\AndroidManifest.xml:52:9-55:52
67            android:name="com.ujjwalkumar.qkart.MyordersActivity"
67-->src\main\AndroidManifest.xml:53:13-45
68            android:configChanges="orientation|screenSize"
68-->src\main\AndroidManifest.xml:54:13-59
69            android:screenOrientation="portrait" />
69-->src\main\AndroidManifest.xml:55:13-49
70        <activity
70-->src\main\AndroidManifest.xml:56:9-59:52
71            android:name="com.ujjwalkumar.qkart.MycartActivity"
71-->src\main\AndroidManifest.xml:57:13-43
72            android:configChanges="orientation|screenSize"
72-->src\main\AndroidManifest.xml:58:13-59
73            android:screenOrientation="portrait" />
73-->src\main\AndroidManifest.xml:59:13-49
74        <activity
74-->src\main\AndroidManifest.xml:60:9-63:52
75            android:name="com.ujjwalkumar.qkart.HelpActivity"
75-->src\main\AndroidManifest.xml:61:13-41
76            android:configChanges="orientation|screenSize"
76-->src\main\AndroidManifest.xml:62:13-59
77            android:screenOrientation="portrait" />
77-->src\main\AndroidManifest.xml:63:13-49
78        <activity
78-->src\main\AndroidManifest.xml:64:9-67:52
79            android:name="com.ujjwalkumar.qkart.ShoppinglistActivity"
79-->src\main\AndroidManifest.xml:65:13-49
80            android:configChanges="orientation|screenSize"
80-->src\main\AndroidManifest.xml:66:13-59
81            android:screenOrientation="portrait" />
81-->src\main\AndroidManifest.xml:67:13-49
82        <activity
82-->src\main\AndroidManifest.xml:68:9-71:52
83            android:name="com.ujjwalkumar.qkart.OrderplacedActivity"
83-->src\main\AndroidManifest.xml:69:13-48
84            android:configChanges="orientation|screenSize"
84-->src\main\AndroidManifest.xml:70:13-59
85            android:screenOrientation="portrait" />
85-->src\main\AndroidManifest.xml:71:13-49
86
87        <meta-data
87-->src\main\AndroidManifest.xml:73:9-75:69
88            android:name="com.google.android.gms.version"
88-->src\main\AndroidManifest.xml:74:13-58
89            android:value="@integer/google_play_services_version" />
89-->src\main\AndroidManifest.xml:75:13-66
90
91        <provider
91-->src\main\AndroidManifest.xml:76:9-80:39
92            android:name="com.google.firebase.provider.FirebaseInitProvider"
92-->src\main\AndroidManifest.xml:77:13-77
93            android:authorities="com.ujjwalkumar.qkart.firebaseinitprovider"
93-->src\main\AndroidManifest.xml:78:13-77
94            android:directBootAware="true"
94-->[com.google.firebase:firebase-common:19.3.1] AndroidManifest.xml:29:13-43
95            android:exported="false"
95-->src\main\AndroidManifest.xml:79:13-37
96            android:initOrder="100" />
96-->src\main\AndroidManifest.xml:80:13-36
97
98        <service
98-->src\main\AndroidManifest.xml:81:9-90:19
99            android:name="com.google.firebase.components.ComponentDiscoveryService"
99-->src\main\AndroidManifest.xml:82:13-84
100            android:directBootAware="true"
100-->[com.google.firebase:firebase-common:19.3.1] AndroidManifest.xml:35:13-43
101            android:exported="false" >
101-->src\main\AndroidManifest.xml:83:13-37
102            <meta-data
102-->src\main\AndroidManifest.xml:84:13-86:85
103                android:name="com.google.firebase.components:com.google.firebase.auth.FirebaseAuthRegistrar"
103-->src\main\AndroidManifest.xml:85:17-109
104                android:value="com.google.firebase.components.ComponentRegistrar" />
104-->src\main\AndroidManifest.xml:86:17-82
105            <meta-data
105-->src\main\AndroidManifest.xml:87:13-89:85
106                android:name="com.google.firebase.components:com.google.firebase.database.DatabaseRegistrar"
106-->src\main\AndroidManifest.xml:88:17-109
107                android:value="com.google.firebase.components.ComponentRegistrar" />
107-->src\main\AndroidManifest.xml:89:17-82
108        </service>
109
110        <meta-data
110-->src\main\AndroidManifest.xml:91:9-93:55
111            android:name="com.google.android.geo.API_KEY"
111-->src\main\AndroidManifest.xml:92:13-58
112            android:value="@string/google_maps_key" />
112-->src\main\AndroidManifest.xml:93:13-52
113
114        <uses-library
114-->src\main\AndroidManifest.xml:94:9-96:40
115            android:name="org.apache.http.legacy"
115-->src\main\AndroidManifest.xml:95:13-50
116            android:required="false" />
116-->src\main\AndroidManifest.xml:96:13-37
117
118        <activity
118-->[com.google.firebase:firebase-auth:19.4.0] AndroidManifest.xml:24:9-31:50
119            android:name="com.google.firebase.auth.internal.FederatedSignInActivity"
119-->[com.google.firebase:firebase-auth:19.4.0] AndroidManifest.xml:25:13-85
120            android:excludeFromRecents="true"
120-->[com.google.firebase:firebase-auth:19.4.0] AndroidManifest.xml:26:13-46
121            android:exported="true"
121-->[com.google.firebase:firebase-auth:19.4.0] AndroidManifest.xml:27:13-36
122            android:launchMode="singleTask"
122-->[com.google.firebase:firebase-auth:19.4.0] AndroidManifest.xml:28:13-44
123            android:permission="com.google.firebase.auth.api.gms.permission.LAUNCH_FEDERATED_SIGN_IN"
123-->[com.google.firebase:firebase-auth:19.4.0] AndroidManifest.xml:29:13-102
124            android:theme="@android:style/Theme.Translucent.NoTitleBar" />
124-->[com.google.firebase:firebase-auth:19.4.0] AndroidManifest.xml:30:13-72
125        <activity
125-->[com.google.android.gms:play-services-base:17.1.0] AndroidManifest.xml:23:9-26:75
126            android:name="com.google.android.gms.common.api.GoogleApiActivity"
126-->[com.google.android.gms:play-services-base:17.1.0] AndroidManifest.xml:24:13-79
127            android:exported="false"
127-->[com.google.android.gms:play-services-base:17.1.0] AndroidManifest.xml:25:13-37
128            android:theme="@android:style/Theme.Translucent.NoTitleBar" />
128-->[com.google.android.gms:play-services-base:17.1.0] AndroidManifest.xml:26:13-72
129    </application>
130
131</manifest>